#
# A fatal error has been detected by the Java Runtime Environment:
#
#  EXCEPTION_ACCESS_VIOLATION (0xc0000005) at pc=0x000007feec314cb5, pid=1552, tid=2688
#
# JRE version: 6.0_18-b07
# Java VM: Java HotSpot(TM) 64-Bit Server VM (16.0-b13 mixed mode windows-amd64 )
# Problematic frame:
# C  0x000007feec314cb5
#
# If you would like to submit a bug report, please visit:
#   http://java.sun.com/webapps/bugreport/crash.jsp
# The crash happened outside the Java Virtual Machine in native code.
# See problematic frame for where to report the bug.
#

---------------  T H R E A D  ---------------

Current thread (0x000000004e39a800):  JavaThread "UpdateLoop" [_thread_in_native, id=2688, stack(0x000000004dc90000,0x000000004dd90000)]

siginfo: ExceptionCode=0xc0000005, ExceptionInformation=0x0000000000000008 0x000007feec314cb5

Registers:
EAX=0x0000000000000000, EBX=0x000000004b191308, ECX=0x000000007739843a, EDX=0x0000000000000000
ESP=0x000000004dd8f1a0, EBP=0x00000000007cf4c0, ESI=0x0000000000000000, EDI=0x000000004b191300
EIP=0x000007feec314cb5, EFLAGS=0x0000000000010246

Top of Stack: (sp=0x000000004dd8f1a0)
0x000000004dd8f1a0:   fffffffffffffffe 000000006d20f960
0x000000004dd8f1b0:   fffffffffffffffe 0000000005e17ba8
0x000000004dd8f1c0:   000000004b191358 0000000000010001
0x000000004dd8f1d0:   000000004b191300 000007feec33f9de
0x000000004dd8f1e0:   000000004b191308 0000000000000000
0x000000004dd8f1f0:   fffffffffffffffe 0000000049cf48d0
0x000000004dd8f200:   0000000000000001 000000006d19190d
0x000000004dd8f210:   0000000000000000 0000000000000000
0x000000004dd8f220:   0000000049cf48d0 0000000000000000
0x000000004dd8f230:   0000000005e369f8 000000006d19780d
0x000000004dd8f240:   0000000049cf48d0 00000000000005a0
0x000000004dd8f250:   0000000000000000 0000000000000000
0x000000004dd8f260:   000000004dd8f260 00000000026d59ce
0x000000004dd8f270:   00000000056d8698 000000004dd8f310
0x000000004dd8f280:   0000000005e17ba8 00000000026e1260
0x000000004dd8f290:   0000000000000000 000000004dd8f2c0 

Instructions: (pc=0x000007feec314cb5)
0x000007feec314ca5:   
[error occurred during error reporting (printing registers, top of stack, instructions near pc), id 0xc0000005]

Stack: [0x000000004dc90000,0x000000004dd90000],  sp=0x000000004dd8f1a0,  free space=3fc0000000000000000k
Native frames: (J=compiled Java code, j=interpreted, Vv=VM code, C=native code)
C  0x000007feec314cb5

Java frames: (J=compiled Java code, j=interpreted, Vv=VM code)
j  sun.java2d.d3d.D3DSurfaceData.initOps(III)V+0
j  sun.java2d.d3d.D3DSurfaceData.<init>(Lsun/awt/windows/WComponentPeer;Lsun/java2d/d3d/D3DGraphicsConfig;IILjava/awt/Image;Ljava/awt/image/ColorModel;IILsun/java2d/pipe/hw/ExtendedBufferCapabilities$VSyncType;I)V+76
j  sun.java2d.d3d.D3DSurfaceData.createData(Lsun/java2d/d3d/D3DGraphicsConfig;IILjava/awt/image/ColorModel;Ljava/awt/Image;I)Lsun/java2d/d3d/D3DSurfaceData;+70
j  sun.java2d.d3d.D3DVolatileSurfaceManager.initAcceleratedSurface()Lsun/java2d/SurfaceData;+133
j  sun.java2d.d3d.D3DVolatileSurfaceManager.restoreAcceleratedSurface()V+62
j  sun.awt.image.VolatileSurfaceManager.validate(Ljava/awt/GraphicsConfiguration;)I+94
j  sun.awt.image.SunVolatileImage.validate(Ljava/awt/GraphicsConfiguration;)I+5
j  client.render.MainScreen.render(Lclient/anim/UpdateLoop;)V+18
J  client.anim.UpdateLoop.update()V
j  client.anim.UpdateLoop.run()V+66
j  java.lang.Thread.run()V+11
v  ~StubRoutines::call_stub

---------------  P R O C E S S  ---------------

Java Threads: ( => current thread )
  0x000000004e3a0000 JavaThread "Thread-5" daemon [_thread_in_native, id=4512, stack(0x0000000050460000,0x0000000050560000)]
  0x000000004e39f000 JavaThread "TimerQueue" daemon [_thread_blocked, id=3024, stack(0x0000000050600000,0x0000000050700000)]
  0x000000004e39e800 JavaThread "DestroyJavaVM" [_thread_blocked, id=4896, stack(0x00000000025d0000,0x00000000026d0000)]
=>0x000000004e39a800 JavaThread "UpdateLoop" [_thread_in_native, id=2688, stack(0x000000004dc90000,0x000000004dd90000)]
  0x0000000049e2c000 JavaThread "AWT-EventQueue-0" [_thread_blocked, id=4952, stack(0x000000004dad0000,0x000000004dbd0000)]
  0x0000000049d90000 JavaThread "AWT-Shutdown" [_thread_blocked, id=2504, stack(0x000000004adf0000,0x000000004aef0000)]
  0x0000000049cda800 JavaThread "Java2D Disposer" daemon [_thread_blocked, id=5872, stack(0x000000004acf0000,0x000000004adf0000)]
  0x0000000049d0d000 JavaThread "Thread-3" daemon [_thread_blocked, id=3560, stack(0x000000004a920000,0x000000004aa20000)]
  0x0000000049cbe800 JavaThread "Thread-2" daemon [_thread_in_native, id=2692, stack(0x000000004a820000,0x000000004a920000)]
  0x0000000049cbd800 JavaThread "Timer-0" [_thread_blocked, id=4044, stack(0x000000004a470000,0x000000004a570000)]
  0x0000000049cb3000 JavaThread "Low Memory Detector" daemon [_thread_blocked, id=5780, stack(0x000000004a270000,0x000000004a370000)]
  0x00000000007ce000 JavaThread "CompilerThread1" daemon [_thread_blocked, id=5656, stack(0x000000004a170000,0x000000004a270000)]
  0x00000000007c2000 JavaThread "CompilerThread0" daemon [_thread_blocked, id=5136, stack(0x000000004a070000,0x000000004a170000)]
  0x00000000007c0800 JavaThread "Attach Listener" daemon [_thread_blocked, id=5944, stack(0x0000000049f70000,0x000000004a070000)]
  0x0000000049cb0800 JavaThread "Signal Dispatcher" daemon [_thread_blocked, id=4508, stack(0x0000000049e70000,0x0000000049f70000)]
  0x00000000007a7800 JavaThread "Finalizer" daemon [_thread_blocked, id=6028, stack(0x0000000049b70000,0x0000000049c70000)]
  0x00000000007a3800 JavaThread "Reference Handler" daemon [_thread_blocked, id=4336, stack(0x0000000049a70000,0x0000000049b70000)]

Other Threads:
  0x000000000079f000 VMThread [stack: 0x0000000049970000,0x0000000049a70000] [id=5672]
  0x0000000049cb4000 WatcherThread [stack: 0x000000004a370000,0x000000004a470000] [id=236]

VM state:not at safepoint (normal execution)

VM Mutex/Monitor currently owned by a thread: None

Heap
 PSYoungGen      total 18624K, used 9286K [0x0000000034430000, 0x00000000358f0000, 0x00000000490d0000)
  eden space 16000K, 50% used [0x0000000034430000,0x0000000034c05ac0,0x00000000353d0000)
  from space 2624K, 48% used [0x00000000353d0000,0x000000003550c018,0x0000000035660000)
  to   space 2624K, 0% used [0x0000000035660000,0x0000000035660000,0x00000000358f0000)
 PSOldGen        total 42560K, used 0K [0x000000000aad0000, 0x000000000d460000, 0x0000000034430000)
  object space 42560K, 0% used [0x000000000aad0000,0x000000000aad0000,0x000000000d460000)
 PSPermGen       total 21248K, used 13174K [0x00000000056d0000, 0x0000000006b90000, 0x000000000aad0000)
  object space 21248K, 62% used [0x00000000056d0000,0x00000000063adab8,0x0000000006b90000)

Dynamic libraries:
0x0000000000400000 - 0x000000000042e000 	C:\Program Files\Java\jdk1.6.0_18\jre\bin\java.exe
0x0000000077480000 - 0x000000007762b000 	C:\Windows\SYSTEM32\ntdll.dll
0x0000000077260000 - 0x000000007737f000 	C:\Windows\system32\kernel32.dll
0x000007fefd740000 - 0x000007fefd7ab000 	C:\Windows\system32\KERNELBASE.dll
0x000007feff580000 - 0x000007feff65b000 	C:\Windows\system32\ADVAPI32.dll
0x000007fefef20000 - 0x000007fefefbf000 	C:\Windows\system32\msvcrt.dll
0x000007fefe9d0000 - 0x000007fefe9ef000 	C:\Windows\SYSTEM32\sechost.dll
0x000007fefe8a0000 - 0x000007fefe9ce000 	C:\Windows\system32\RPCRT4.dll
0x000007fefd2b0000 - 0x000007fefd307000 	C:\Windows\system32\apphelp.dll
0x000007fef1ec0000 - 0x000007fef1f11000 	C:\Windows\AppPatch\AppPatch64\AcGenral.DLL
0x000007fefd280000 - 0x000007fefd2a5000 	C:\Windows\system32\SspiCli.dll
0x000007feff710000 - 0x000007feff781000 	C:\Windows\system32\SHLWAPI.dll
0x000007fefdaa0000 - 0x000007fefdb07000 	C:\Windows\system32\GDI32.dll
0x0000000077380000 - 0x000000007747a000 	C:\Windows\system32\USER32.dll
0x000007feff660000 - 0x000007feff66e000 	C:\Windows\system32\LPK.dll
0x000007fefec30000 - 0x000007fefecfa000 	C:\Windows\system32\USP10.dll
0x000007fefe9f0000 - 0x000007fefebf1000 	C:\Windows\system32\ole32.dll
0x000007fefdb10000 - 0x000007fefe896000 	C:\Windows\system32\SHELL32.dll
0x0000000074ad0000 - 0x0000000074ad3000 	C:\Windows\system32\sfc.dll
0x000007fef52d0000 - 0x000007fef52e0000 	C:\Windows\system32\sfc_os.DLL
0x000007fefc730000 - 0x000007fefc74e000 	C:\Windows\system32\USERENV.dll
0x000007fefd3e0000 - 0x000007fefd3ef000 	C:\Windows\system32\profapi.dll
0x000007fefb760000 - 0x000007fefb778000 	C:\Windows\system32\dwmapi.dll
0x000007fef4f30000 - 0x000007fef4f48000 	C:\Windows\system32\MPR.dll
0x000007fefec00000 - 0x000007fefec2e000 	C:\Windows\system32\IMM32.DLL
0x000007fefd990000 - 0x000007fefda99000 	C:\Windows\system32\MSCTF.dll
0x000000006d890000 - 0x000000006df35000 	C:\Program Files\Java\jdk1.6.0_18\jre\bin\server\jvm.dll
0x000007fefac30000 - 0x000007fefac6b000 	C:\Windows\system32\WINMM.dll
0x000000006d800000 - 0x000000006d80e000 	C:\Program Files\Java\jdk1.6.0_18\jre\bin\verify.dll
0x000000006d450000 - 0x000000006d477000 	C:\Program Files\Java\jdk1.6.0_18\jre\bin\java.dll
0x000000006d3b0000 - 0x000000006d3ba000 	C:\Program Files\Java\jdk1.6.0_18\jre\bin\hpi.dll
0x0000000077650000 - 0x0000000077657000 	C:\Windows\system32\PSAPI.DLL
0x000000006d850000 - 0x000000006d862000 	C:\Program Files\Java\jdk1.6.0_18\jre\bin\zip.dll
0x000000006d6a0000 - 0x000000006d6b7000 	C:\Program Files\Java\jdk1.6.0_18\jre\bin\net.dll
0x000007fefee30000 - 0x000007fefee7d000 	C:\Windows\system32\WS2_32.dll
0x000007feff570000 - 0x000007feff578000 	C:\Windows\system32\NSI.dll
0x000007fefcc50000 - 0x000007fefcca4000 	C:\Windows\system32\mswsock.dll
0x000007fefcc40000 - 0x000007fefcc47000 	C:\Windows\System32\wship6.dll
0x000007fefc5b0000 - 0x000007fefc5b7000 	C:\Windows\System32\wshtcpip.dll
0x000000006d0a0000 - 0x000000006d262000 	C:\Program Files\Java\jdk1.6.0_18\jre\bin\awt.dll
0x000007fefb4e0000 - 0x000007fefb550000 	C:\Windows\system32\WINSPOOL.DRV
0x000007fefbe30000 - 0x000007fefc024000 	C:\Windows\WinSxS\amd64_microsoft.windows.common-controls_6595b64144ccf1df_6.0.7600.16385_none_fa645303170382f6\COMCTL32.dll
0x000007fefbb00000 - 0x000007fefbb56000 	C:\Windows\system32\uxtheme.dll
0x000000006d340000 - 0x000000006d3ab000 	C:\Program Files\Java\jdk1.6.0_18\jre\bin\fontmanager.dll
0x000007fefd310000 - 0x000007fefd31f000 	C:\Windows\system32\CRYPTBASE.dll
0x000007fefbdc0000 - 0x000007fefbdcd000 	C:\Windows\system32\atiu9p64.dll
0x000000006c370000 - 0x000000006c7a7000 	C:\Windows\system32\atiumd64.dll
0x000000006c0f0000 - 0x000000006c361000 	C:\Windows\system32\atiumd6a.dll
0x000000006d6c0000 - 0x000000006d6cb000 	C:\Program Files\Java\jdk1.6.0_18\jre\bin\nio.dll
0x000007fefcad0000 - 0x000007fefcb2b000 	C:\Windows\system32\DNSAPI.dll
0x0000000074a60000 - 0x0000000074a8e000 	C:\Program Files\Common Files\Microsoft Shared\Windows Live\WLIDNSP.DLL
0x000007fefa970000 - 0x000007fefa997000 	C:\Windows\system32\IPHLPAPI.DLL
0x000007fefa960000 - 0x000007fefa96b000 	C:\Windows\system32\WINNSI.DLL
0x000007fef52c0000 - 0x000007fef52c8000 	C:\Windows\system32\rasadhlp.dll
0x000007fefa5f0000 - 0x000007fefa643000 	C:\Windows\System32\fwpuclnt.dll
0x000007fefee80000 - 0x000007fefef19000 	C:\Windows\system32\CLBCatQ.DLL
0x000007fefefc0000 - 0x000007feff097000 	C:\Windows\system32\OLEAUT32.dll
0x000007fefccb0000 - 0x000007fefccc7000 	C:\Windows\system32\CRYPTSP.dll
0x000007fefc9b0000 - 0x000007fefc9f7000 	C:\Windows\system32\rsaenh.dll
0x000007fefd3c0000 - 0x000007fefd3d4000 	C:\Windows\system32\RpcRtRemote.dll

VM Arguments:
jvm_args: -Dfile.encoding=UTF-8 
java_command: client.Main
Launcher Type: SUN_STANDARD

Environment Variables:
JAVA_HOME=C:\Program Files\Java\jdk1.6.0_18
PATH=C:\Program Files (x86)\CollabNet Subversion Client;C:\Program Files (x86)\Embarcadero\RAD Studio\7.0\bin;C:\Users\Public\Documents\RAD Studio\7.0\Bpl;C:\Program Files (x86)\Borland\BDS\3.0\Bin;C:\PROGRA~2\GTK\bin;C:\Program Files\Common Files\Microsoft Shared\Windows Live;C:\Windows\system32;C:\Windows;C:\Windows\System32\Wbem;C:\Windows\System32\WindowsPowerShell\v1.0\;C:\Program Files\ThinkPad\Bluetooth Software\;C:\Program Files\ThinkPad\Bluetooth Software\syswow64;C:\Program Files (x86)\ATI Technologies\ATI.ACE\Core-Static;C:\Program Files (x86)\Lenovo\Access Connections\;C:\Program Files\Java\jdk1.6.0_18\bin;C:\GNU-Prolog\bin;C:\Program Files\Intel\WiFi\bin\;C:\Program Files\Common Files\Intel\WirelessCommon\;C:\Users\Administrator\Documents\Borland Studio-Projekte\Bpl;C:\Program Files\Common Files\Microsoft Shared\Windows Live
USERNAME=Administrator
OS=Windows_NT
PROCESSOR_IDENTIFIER=Intel64 Family 6 Model 23 Stepping 10, GenuineIntel



---------------  S Y S T E M  ---------------

OS: Windows 7 Build 7600 

CPU:total 2 (2 cores per cpu, 1 threads per core) family 6 model 23 stepping 10, cmov, cx8, fxsr, mmx, sse, sse2, sse3, ssse3, sse4.1

Memory: 4k page, physical 4082712k(1642936k free), swap 8163524k(5110740k free)

vm_info: Java HotSpot(TM) 64-Bit Server VM (16.0-b13) for windows-amd64 JRE (1.6.0_18-b07), built on Dec 17 2009 13:24:11 by "java_re" with MS VC++ 8.0 (VS2005)

time: Thu Apr 29 00:57:42 2010
elapsed time: 81 seconds

